<?xml version="1.0" encoding="UTF-8"?>
<!-- Generated by org.testng.reporters.JUnitXMLReporter -->
<testsuite ignored="0" hostname="ATMECSINDT-088" failures="2" tests="3" name="Test4" time="50.573" errors="0" timestamp="30 Aug 2019 09:20:26 GMT">
  <testcase classname="com.atmecs.newtour.test.Booking" name="register" time="0.002">
    <failure type="java.lang.IllegalArgumentException" message="Cannot find elements when the XPath is null.">
      <![CDATA[java.lang.IllegalArgumentException: Cannot find elements when the XPath is null.
at org.openqa.selenium.By$ByXPath.<init>(By.java:339)
at org.openqa.selenium.By.xpath(By.java:92)
at com.atmecs.newtour.test.Booking.register(Booking.java:14)
... Removed 25 stack frames]]>
    </failure>
  </testcase> <!-- register -->
  <testcase classname="com.atmecs.newtour.test.Confirmation" name="selectFlight" time="0.002">
    <failure type="java.lang.IllegalArgumentException" message="Cannot find elements when the XPath is null.">
      <![CDATA[java.lang.IllegalArgumentException: Cannot find elements when the XPath is null.
at org.openqa.selenium.By$ByXPath.<init>(By.java:339)
at org.openqa.selenium.By.xpath(By.java:92)
at com.atmecs.newtour.test.Confirmation.selectFlight(Confirmation.java:14)
... Removed 25 stack frames]]>
    </failure>
  </testcase> <!-- selectFlight -->
  <testcase classname="com.atmecs.newtour.test.Login" name="login" time="37.444"/>
</testsuite> <!-- Test4 -->
