<?xml version="1.0" encoding="UTF-8"?>
<!-- Generated by org.testng.reporters.JUnitXMLReporter -->
<testsuite ignored="0" hostname="ATMECSINDT-088" failures="1" tests="1" name="Test1" time="14.672" errors="0" timestamp="29 Aug 2019 15:13:14 GMT">
  <testcase classname="com.atmecs.newtour.link.LinkTest" name="link" time="0.1">
    <failure type="java.lang.AssertionError" message="expected [Mercury Tours] but found [Welcome: Mercury Tours]">
      <![CDATA[java.lang.AssertionError: expected [Mercury Tours] but found [Welcome: Mercury Tours]
at com.atmecs.newtour.link.LinkTest.link(LinkTest.java:17)
... Removed 31 stack frames]]>
    </failure>
  </testcase> <!-- link -->
</testsuite> <!-- Test1 -->
