<?xml version="1.0" encoding="UTF-8"?>
<!-- Generated by org.testng.reporters.JUnitXMLReporter -->
<testsuite ignored="0" hostname="ATMECSINDT-088" failures="1" tests="1" name="Test1" time="14.453" errors="0" timestamp="30 Aug 2019 09:17:19 GMT">
  <testcase classname="com.atmecs.newtour.test.LinkTest" name="link" time="1.677">
    <failure type="java.lang.AssertionError" message="expected [Mercury Tours] but found [Welcome: Mercury Tours]">
      <![CDATA[java.lang.AssertionError: expected [Mercury Tours] but found [Welcome: Mercury Tours]
at com.atmecs.newtour.test.LinkTest.link(LinkTest.java:18)
... Removed 31 stack frames]]>
    </failure>
  </testcase> <!-- link -->
</testsuite> <!-- Test1 -->
