<?xml version="1.0" encoding="UTF-8"?>
<!-- Generated by org.testng.reporters.JUnitXMLReporter -->
<testsuite ignored="0" hostname="ATMECSINDT-088" failures="1" tests="1" name="Test4" time="11.966" errors="0" timestamp="29 Aug 2019 15:16:07 GMT">
  <testcase classname="com.atmecs.newtour.select.Confirmation" name="selectFlight" time="0.003">
    <failure type="java.lang.IllegalArgumentException" message="Cannot find elements when the XPath is null.">
      <![CDATA[java.lang.IllegalArgumentException: Cannot find elements when the XPath is null.
at org.openqa.selenium.By$ByXPath.<init>(By.java:339)
at org.openqa.selenium.By.xpath(By.java:92)
at com.atmecs.newtour.select.Confirmation.selectFlight(Confirmation.java:13)
... Removed 25 stack frames]]>
    </failure>
  </testcase> <!-- selectFlight -->
</testsuite> <!-- Test4 -->
