<?xml version="1.0" encoding="UTF-8"?>
<!-- Generated by org.testng.reporters.JUnitXMLReporter -->
<testsuite ignored="0" hostname="ATMECSINDT-088" failures="1" tests="2" name="Test3" time="70.141" errors="0" timestamp="29 Aug 2019 15:15:55 GMT">
  <testcase classname="com.atmecs.newtour.booking.Booking" name="register" time="0.002">
    <failure type="java.lang.IllegalArgumentException" message="Cannot find elements when the XPath is null.">
      <![CDATA[java.lang.IllegalArgumentException: Cannot find elements when the XPath is null.
at org.openqa.selenium.By$ByXPath.<init>(By.java:339)
at org.openqa.selenium.By.xpath(By.java:92)
at com.atmecs.newtour.booking.Booking.register(Booking.java:14)
... Removed 25 stack frames]]>
    </failure>
  </testcase> <!-- register -->
  <testcase classname="com.atmecs.newtour.login.Login" name="login" time="59.649"/>
</testsuite> <!-- Test3 -->
