<?xml version="1.0" encoding="UTF-8"?>
<testng-results ignored="0" total="3" passed="2" failed="1" skipped="0">
  <reporter-output>
  </reporter-output>
  <suite started-at="2019-08-30T11:57:08Z" name="Default suite" finished-at="2019-08-30T11:58:31Z" duration-ms="83058">
    <groups>
    </groups>
    <test started-at="2019-08-30T11:57:08Z" name="Default test" finished-at="2019-08-30T11:58:31Z" duration-ms="83058">
      <class name="com.atmecs.newtour.testscript.Confirmation">
        <test-method is-config="true" signature="setup()[pri:0, instance:com.atmecs.newtour.testscript.Confirmation@6295d394]" started-at="2019-08-30T11:57:08Z" name="setup" finished-at="2019-08-30T11:57:31Z" duration-ms="22745" status="PASS">
          <reporter-output>
          </reporter-output>
        </test-method> <!-- setup -->
        <test-method signature="selectFlight()[pri:0, instance:com.atmecs.newtour.testscript.Confirmation@6295d394]" started-at="2019-08-30T11:57:31Z" name="selectFlight" finished-at="2019-08-30T11:57:31Z" duration-ms="92" status="FAIL">
          <exception class="java.lang.IllegalArgumentException">
            <message>
              <![CDATA[Cannot find elements when the XPath is null.]]>
            </message>
            <full-stacktrace>
              <![CDATA[java.lang.IllegalArgumentException: Cannot find elements when the XPath is null.
at org.openqa.selenium.By$ByXPath.<init>(By.java:339)
at org.openqa.selenium.By.xpath(By.java:92)
at com.atmecs.newtour.testscript.Confirmation.selectFlight(Confirmation.java:14)
at java.base/jdk.internal.reflect.NativeMethodAccessorImpl.invoke0(Native Method)
at java.base/jdk.internal.reflect.NativeMethodAccessorImpl.invoke(NativeMethodAccessorImpl.java:62)
at java.base/jdk.internal.reflect.DelegatingMethodAccessorImpl.invoke(DelegatingMethodAccessorImpl.java:43)
at java.base/java.lang.reflect.Method.invoke(Method.java:567)
at org.testng.internal.MethodInvocationHelper.invokeMethod(MethodInvocationHelper.java:124)
at org.testng.internal.Invoker.invokeMethod(Invoker.java:583)
at org.testng.internal.Invoker.invokeTestMethod(Invoker.java:719)
at org.testng.internal.Invoker.invokeTestMethods(Invoker.java:989)
at org.testng.internal.TestMethodWorker.invokeTestMethods(TestMethodWorker.java:125)
at org.testng.internal.TestMethodWorker.run(TestMethodWorker.java:109)
at org.testng.TestRunner.privateRun(TestRunner.java:648)
at org.testng.TestRunner.run(TestRunner.java:505)
at org.testng.SuiteRunner.runTest(SuiteRunner.java:455)
at org.testng.SuiteRunner.runSequentially(SuiteRunner.java:450)
at org.testng.SuiteRunner.privateRun(SuiteRunner.java:415)
at org.testng.SuiteRunner.run(SuiteRunner.java:364)
at org.testng.SuiteRunnerWorker.runSuite(SuiteRunnerWorker.java:52)
at org.testng.SuiteRunnerWorker.run(SuiteRunnerWorker.java:84)
at org.testng.TestNG.runSuitesSequentially(TestNG.java:1208)
at org.testng.TestNG.runSuitesLocally(TestNG.java:1137)
at org.testng.TestNG.runSuites(TestNG.java:1049)
at org.testng.TestNG.run(TestNG.java:1017)
at org.testng.remote.AbstractRemoteTestNG.run(AbstractRemoteTestNG.java:115)
at org.testng.remote.RemoteTestNG.initAndRun(RemoteTestNG.java:251)
at org.testng.remote.RemoteTestNG.main(RemoteTestNG.java:77)
]]>
            </full-stacktrace>
          </exception> <!-- java.lang.IllegalArgumentException -->
          <reporter-output>
          </reporter-output>
        </test-method> <!-- selectFlight -->
        <test-method signature="login()[pri:1, instance:com.atmecs.newtour.testscript.Confirmation@6295d394]" started-at="2019-08-30T11:57:31Z" name="login" finished-at="2019-08-30T11:58:26Z" duration-ms="54989" status="PASS">
          <reporter-output>
          </reporter-output>
        </test-method> <!-- login -->
        <test-method signature="register()[pri:2, instance:com.atmecs.newtour.testscript.Confirmation@6295d394]" started-at="2019-08-30T11:58:26Z" name="register" finished-at="2019-08-30T11:58:30Z" duration-ms="4149" status="PASS">
          <reporter-output>
          </reporter-output>
        </test-method> <!-- register -->
        <test-method is-config="true" signature="close()[pri:0, instance:com.atmecs.newtour.testscript.Confirmation@6295d394]" started-at="2019-08-30T11:58:30Z" name="close" finished-at="2019-08-30T11:58:31Z" duration-ms="913" status="PASS">
          <reporter-output>
          </reporter-output>
        </test-method> <!-- close -->
      </class> <!-- com.atmecs.newtour.testscript.Confirmation -->
    </test> <!-- Default test -->
  </suite> <!-- Default suite -->
</testng-results>
